     1                                  bits 32 ; assembling for the 32 bits architecture
     2                                  
     3                                  ; declare the EntryPoint (a label defining the very first instruction of the program)
     4                                  global start        
     5                                  
     6                                  ; declare external functions needed by our program
     7                                  extern exit               ; tell nasm that exit exists even if we won't be defining it
     8                                  import exit msvcrt.dll    ; exit is a function that ends the calling process. It is defined in msvcrt.dll
     9                                                            ; msvcrt.dll contains exit, printf and all the other important C-runtime specific functions
    10                                  
    11                                  ; our data is declared here (the variables needed by our program)
    12                                  segment data use32 class=data
    13                                      ; (a+a)-(b+b)-c
    14 00000000 06                          a DB 6
    15 00000001 02                          b DB 2
    16 00000002 05                          c DB 5
    17                                  
    18                                  ; our code starts here
    19                                  segment code use32 class=code
    20                                      start:
    21                                          ; ...
    22 00000000 A0[00000000]                    MOV AL,[a]
    23 00000005 0205[00000000]                  ADD AL,[a]
    24 0000000B 8A15[01000000]                  MOV DL,[b]
    25 00000011 0215[01000000]                  ADD DL,[b]
    26 00000017 28D0                            SUB AL,DL
    27 00000019 2A05[02000000]                  SUB AL,[c]
    28                                      
    29                                          ; exit(0)
    30 0000001F 6A00                            push    dword 0      ; push the parameter for exit onto the stack
    31 00000021 FF15[00000000]                  call    [exit]       ; call exit to terminate the program
