[2021-06-09 13:42:27] [info] Start Program:
Path:"C:\\Users\\rmari\\Desktop\\Practic_oop\\x64\\Debug\\Practic_oop.exe"
Arguments:
Working directory: "C:\\Users\\rmari\\Desktop\\Practic_oop\\Practic_oop\\"
Modules: Selected: C:\Users\rmari\Desktop\Practic_oop\x64\Debug\Practic_oop.exe Excluded: 
Sources: Selected: C:\Users\rmari\Desktop\Practic_oop\Practic_oop Excluded: 
Log Level: Normal
Cover Children: 0
Aggregate by file: 1
Continue after C++ exception: 0
Optimized build support: 0
Export: binary C:\Users\rmari\AppData\Local\Temp\2rukzuth.hbf 
Input coverage: 
Unified diff: 
Excluded line regular expressions: 
Substitute pdb source paths: 

[2021-06-09 13:42:27] [info] Module: C:\Users\rmari\Desktop\Practic_oop\x64\Debug\Practic_oop.exe is selected because it matches selected pattern: C:\Users\rmari\Desktop\Practic_oop\x64\Debug\Practic_oop.exe
[2021-06-09 13:42:27] [info] ----------------------------------------------------
[2021-06-09 13:42:27] [info] Coverage binary generated in file: C:\Users\rmari\AppData\Local\Temp\2rukzuth.hbf
[2021-06-09 13:42:27] [info] ----------------------------------------------------
