[2021-03-22 12:34:25] [info] Start Program:
Path:"C:\\Users\\rmari\\Desktop\\Lab 4\\x64\\Debug\\Lab 4.exe"
Arguments:
Working directory: "C:\\Users\\rmari\\Desktop\\Lab 4\\Lab 4\\"
Modules: Selected: C:\Users\rmari\Desktop\Lab 4\x64\Debug\Lab 4.exe Excluded: 
Sources: Selected: C:\Users\rmari\Desktop\Lab 4\Lab 4 Excluded: 
Log Level: Normal
Cover Children: 0
Aggregate by file: 1
Continue after C++ exception: 0
Optimized build support: 0
Export: binary C:\Users\rmari\AppData\Local\Temp\lp0adv0l.k03 
Input coverage: 
Unified diff: 
Excluded line regular expressions: 
Substitute pdb source paths: 

[2021-03-22 12:34:25] [info] Module: C:\Users\rmari\Desktop\Lab 4\x64\Debug\Lab 4.exe is selected because it matches selected pattern: C:\Users\rmari\Desktop\Lab 4\x64\Debug\Lab 4.exe
[2021-03-22 12:34:25] [info] ----------------------------------------------------
[2021-03-22 12:34:25] [info] Coverage binary generated in file: C:\Users\rmari\AppData\Local\Temp\lp0adv0l.k03
[2021-03-22 12:34:25] [info] ----------------------------------------------------
