[2021-03-20 15:20:27] [info] Start Program:
Path:"C:\\Users\\rmari\\Desktop\\ME\\Debug\\ME.exe"
Arguments:
Working directory: "C:\\Users\\rmari\\Desktop\\ME\\ME\\"
Modules: Selected: C:\Users\rmari\Desktop\ME\Debug\ME.exe Excluded: 
Sources: Selected: C:\Users\rmari\Desktop\ME\ME Excluded: 
Log Level: Normal
Cover Children: 0
Aggregate by file: 1
Continue after C++ exception: 0
Optimized build support: 0
Export: binary C:\Users\rmari\AppData\Local\Temp\1e34kpbz.gnr 
Input coverage: 
Unified diff: 
Excluded line regular expressions: 
Substitute pdb source paths: 

[2021-03-20 15:20:27] [info] Module: C:\Users\rmari\Desktop\ME\Debug\ME.exe is selected because it matches selected pattern: C:\Users\rmari\Desktop\ME\Debug\ME.exe
[2021-03-20 15:20:27] [info] ----------------------------------------------------
[2021-03-20 15:20:27] [info] Coverage binary generated in file: C:\Users\rmari\AppData\Local\Temp\1e34kpbz.gnr
[2021-03-20 15:20:27] [info] ----------------------------------------------------
