D:\Facultate\Semestrul 2\Programare Orientata Obiect\Laborator\StudySontractGUI\x64\Debug\\Qt6Cored.dll
D:\Facultate\Semestrul 2\Programare Orientata Obiect\Laborator\StudySontractGUI\x64\Debug\\Qt6Guid.dll
D:\Facultate\Semestrul 2\Programare Orientata Obiect\Laborator\StudySontractGUI\x64\Debug\\Qt6Svgd.dll
D:\Facultate\Semestrul 2\Programare Orientata Obiect\Laborator\StudySontractGUI\x64\Debug\\Qt6Widgetsd.dll
D:\Facultate\Semestrul 2\Programare Orientata Obiect\Laborator\StudySontractGUI\x64\Debug\\opengl32sw.dll
D:\Facultate\Semestrul 2\Programare Orientata Obiect\Laborator\StudySontractGUI\x64\Debug\\D3Dcompiler_47.dll
D:\Facultate\Semestrul 2\Programare Orientata Obiect\Laborator\StudySontractGUI\x64\Debug\iconengines\qsvgicond.dll
D:\Facultate\Semestrul 2\Programare Orientata Obiect\Laborator\StudySontractGUI\x64\Debug\imageformats\qgifd.dll
D:\Facultate\Semestrul 2\Programare Orientata Obiect\Laborator\StudySontractGUI\x64\Debug\imageformats\qicod.dll
D:\Facultate\Semestrul 2\Programare Orientata Obiect\Laborator\StudySontractGUI\x64\Debug\imageformats\qjpegd.dll
D:\Facultate\Semestrul 2\Programare Orientata Obiect\Laborator\StudySontractGUI\x64\Debug\imageformats\qsvgd.dll
D:\Facultate\Semestrul 2\Programare Orientata Obiect\Laborator\StudySontractGUI\x64\Debug\platforms\qwindowsd.dll
D:\Facultate\Semestrul 2\Programare Orientata Obiect\Laborator\StudySontractGUI\x64\Debug\styles\qwindowsvistastyled.dll
D:\Facultate\Semestrul 2\Programare Orientata Obiect\Laborator\StudySontractGUI\x64\Debug\translations\qt_ar.qm
D:\Facultate\Semestrul 2\Programare Orientata Obiect\Laborator\StudySontractGUI\x64\Debug\translations\qtbase_ar.qm
D:\Facultate\Semestrul 2\Programare Orientata Obiect\Laborator\StudySontractGUI\x64\Debug\translations\qt_bg.qm
D:\Facultate\Semestrul 2\Programare Orientata Obiect\Laborator\StudySontractGUI\x64\Debug\translations\qtbase_bg.qm
D:\Facultate\Semestrul 2\Programare Orientata Obiect\Laborator\StudySontractGUI\x64\Debug\translations\qt_ca.qm
D:\Facultate\Semestrul 2\Programare Orientata Obiect\Laborator\StudySontractGUI\x64\Debug\translations\qtbase_ca.qm
D:\Facultate\Semestrul 2\Programare Orientata Obiect\Laborator\StudySontractGUI\x64\Debug\translations\qt_cs.qm
D:\Facultate\Semestrul 2\Programare Orientata Obiect\Laborator\StudySontractGUI\x64\Debug\translations\qtbase_cs.qm
D:\Facultate\Semestrul 2\Programare Orientata Obiect\Laborator\StudySontractGUI\x64\Debug\translations\qt_da.qm
D:\Facultate\Semestrul 2\Programare Orientata Obiect\Laborator\StudySontractGUI\x64\Debug\translations\qtbase_da.qm
D:\Facultate\Semestrul 2\Programare Orientata Obiect\Laborator\StudySontractGUI\x64\Debug\translations\qt_de.qm
D:\Facultate\Semestrul 2\Programare Orientata Obiect\Laborator\StudySontractGUI\x64\Debug\translations\qtbase_de.qm
D:\Facultate\Semestrul 2\Programare Orientata Obiect\Laborator\StudySontractGUI\x64\Debug\translations\qt_en.qm
D:\Facultate\Semestrul 2\Programare Orientata Obiect\Laborator\StudySontractGUI\x64\Debug\translations\qtbase_en.qm
D:\Facultate\Semestrul 2\Programare Orientata Obiect\Laborator\StudySontractGUI\x64\Debug\translations\qt_es.qm
D:\Facultate\Semestrul 2\Programare Orientata Obiect\Laborator\StudySontractGUI\x64\Debug\translations\qtbase_es.qm
D:\Facultate\Semestrul 2\Programare Orientata Obiect\Laborator\StudySontractGUI\x64\Debug\translations\qt_fa.qm
D:\Facultate\Semestrul 2\Programare Orientata Obiect\Laborator\StudySontractGUI\x64\Debug\translations\qtbase_fa.qm
D:\Facultate\Semestrul 2\Programare Orientata Obiect\Laborator\StudySontractGUI\x64\Debug\translations\qt_fi.qm
D:\Facultate\Semestrul 2\Programare Orientata Obiect\Laborator\StudySontractGUI\x64\Debug\translations\qtbase_fi.qm
D:\Facultate\Semestrul 2\Programare Orientata Obiect\Laborator\StudySontractGUI\x64\Debug\translations\qt_fr.qm
D:\Facultate\Semestrul 2\Programare Orientata Obiect\Laborator\StudySontractGUI\x64\Debug\translations\qtbase_fr.qm
D:\Facultate\Semestrul 2\Programare Orientata Obiect\Laborator\StudySontractGUI\x64\Debug\translations\qt_gd.qm
D:\Facultate\Semestrul 2\Programare Orientata Obiect\Laborator\StudySontractGUI\x64\Debug\translations\qtbase_gd.qm
D:\Facultate\Semestrul 2\Programare Orientata Obiect\Laborator\StudySontractGUI\x64\Debug\translations\qt_he.qm
D:\Facultate\Semestrul 2\Programare Orientata Obiect\Laborator\StudySontractGUI\x64\Debug\translations\qtbase_he.qm
D:\Facultate\Semestrul 2\Programare Orientata Obiect\Laborator\StudySontractGUI\x64\Debug\translations\qt_hr.qm
D:\Facultate\Semestrul 2\Programare Orientata Obiect\Laborator\StudySontractGUI\x64\Debug\translations\qtbase_hr.qm
D:\Facultate\Semestrul 2\Programare Orientata Obiect\Laborator\StudySontractGUI\x64\Debug\translations\qt_hu.qm
D:\Facultate\Semestrul 2\Programare Orientata Obiect\Laborator\StudySontractGUI\x64\Debug\translations\qtbase_hu.qm
D:\Facultate\Semestrul 2\Programare Orientata Obiect\Laborator\StudySontractGUI\x64\Debug\translations\qt_it.qm
D:\Facultate\Semestrul 2\Programare Orientata Obiect\Laborator\StudySontractGUI\x64\Debug\translations\qtbase_it.qm
D:\Facultate\Semestrul 2\Programare Orientata Obiect\Laborator\StudySontractGUI\x64\Debug\translations\qt_ja.qm
D:\Facultate\Semestrul 2\Programare Orientata Obiect\Laborator\StudySontractGUI\x64\Debug\translations\qtbase_ja.qm
D:\Facultate\Semestrul 2\Programare Orientata Obiect\Laborator\StudySontractGUI\x64\Debug\translations\qt_ko.qm
D:\Facultate\Semestrul 2\Programare Orientata Obiect\Laborator\StudySontractGUI\x64\Debug\translations\qtbase_ko.qm
D:\Facultate\Semestrul 2\Programare Orientata Obiect\Laborator\StudySontractGUI\x64\Debug\translations\qt_lv.qm
D:\Facultate\Semestrul 2\Programare Orientata Obiect\Laborator\StudySontractGUI\x64\Debug\translations\qtbase_lv.qm
D:\Facultate\Semestrul 2\Programare Orientata Obiect\Laborator\StudySontractGUI\x64\Debug\translations\qt_nl.qm
D:\Facultate\Semestrul 2\Programare Orientata Obiect\Laborator\StudySontractGUI\x64\Debug\translations\qtbase_nl.qm
D:\Facultate\Semestrul 2\Programare Orientata Obiect\Laborator\StudySontractGUI\x64\Debug\translations\qt_nn.qm
D:\Facultate\Semestrul 2\Programare Orientata Obiect\Laborator\StudySontractGUI\x64\Debug\translations\qtbase_nn.qm
D:\Facultate\Semestrul 2\Programare Orientata Obiect\Laborator\StudySontractGUI\x64\Debug\translations\qt_pl.qm
D:\Facultate\Semestrul 2\Programare Orientata Obiect\Laborator\StudySontractGUI\x64\Debug\translations\qtbase_pl.qm
D:\Facultate\Semestrul 2\Programare Orientata Obiect\Laborator\StudySontractGUI\x64\Debug\translations\qt_pt_BR.qm
D:\Facultate\Semestrul 2\Programare Orientata Obiect\Laborator\StudySontractGUI\x64\Debug\translations\qtbase_pt_BR.qm
D:\Facultate\Semestrul 2\Programare Orientata Obiect\Laborator\StudySontractGUI\x64\Debug\translations\qt_ru.qm
D:\Facultate\Semestrul 2\Programare Orientata Obiect\Laborator\StudySontractGUI\x64\Debug\translations\qtbase_ru.qm
D:\Facultate\Semestrul 2\Programare Orientata Obiect\Laborator\StudySontractGUI\x64\Debug\translations\qt_sk.qm
D:\Facultate\Semestrul 2\Programare Orientata Obiect\Laborator\StudySontractGUI\x64\Debug\translations\qtbase_sk.qm
D:\Facultate\Semestrul 2\Programare Orientata Obiect\Laborator\StudySontractGUI\x64\Debug\translations\qt_tr.qm
D:\Facultate\Semestrul 2\Programare Orientata Obiect\Laborator\StudySontractGUI\x64\Debug\translations\qtbase_tr.qm
D:\Facultate\Semestrul 2\Programare Orientata Obiect\Laborator\StudySontractGUI\x64\Debug\translations\qt_uk.qm
D:\Facultate\Semestrul 2\Programare Orientata Obiect\Laborator\StudySontractGUI\x64\Debug\translations\qtbase_uk.qm
D:\Facultate\Semestrul 2\Programare Orientata Obiect\Laborator\StudySontractGUI\x64\Debug\translations\qt_zh_CN.qm
D:\Facultate\Semestrul 2\Programare Orientata Obiect\Laborator\StudySontractGUI\x64\Debug\translations\qtbase_zh_CN.qm
D:\Facultate\Semestrul 2\Programare Orientata Obiect\Laborator\StudySontractGUI\x64\Debug\translations\qt_zh_TW.qm
D:\Facultate\Semestrul 2\Programare Orientata Obiect\Laborator\StudySontractGUI\x64\Debug\translations\qtbase_zh_TW.qm
